# JRE version: OpenJDK Runtime Environment (8.0_152-b02) (build 1.8.0_152-release-1024-b02)
# Java VM: OpenJDK 64-Bit Server VM (25.152-b02 mixed mode windows-amd64 compressed oops)
Heap:
 PSYoungGen      total 200704K, used 13544K [0x00000000eab00000, 0x00000000f7e80000, 0x0000000100000000)
  eden space 184832K, 5% used [0x00000000eab00000,0x00000000eb5b60e0,0x00000000f5f80000)
  from space 15872K, 16% used [0x00000000f5f80000,0x00000000f6204260,0x00000000f6f00000)
  to   space 8192K, 0% used [0x00000000f7680000,0x00000000f7680000,0x00000000f7e80000)
 ParOldGen       total 183296K, used 20536K [0x00000000c0000000, 0x00000000cb300000, 0x00000000eab00000)
  object space 183296K, 11% used [0x00000000c0000000,0x00000000c140e350,0x00000000cb300000)
 Metaspace       used 35293K, capacity 36586K, committed 36864K, reserved 1081344K
  class space    used 4323K, capacity 4756K, committed 4864K, reserved 1048576K
GC Heap History (10 events):
Event: 4.069 GC heap before
{Heap before GC invocations=7 (full 1):
 PSYoungGen      total 99328K, used 93741K [0x00000000eab00000, 0x00000000f4480000, 0x0000000100000000)
  eden space 88576K, 100% used [0x00000000eab00000,0x00000000f0180000,0x00000000f0180000)
  from space 10752K, 48% used [0x00000000f0180000,0x00000000f068b4e0,0x00000000f0c00000)
  to   space 12800K, 0% used [0x00000000f3800000,0x00000000f3800000,0x00000000f4480000)
 ParOldGen       total 118272K, used 11073K [0x00000000c0000000, 0x00000000c7380000, 0x00000000eab00000)
  object space 118272K, 9% used [0x00000000c0000000,0x00000000c0ad05b8,0x00000000c7380000)
 Metaspace       used 27232K, capacity 28082K, committed 28416K, reserved 1073152K
  class space    used 3434K, capacity 3744K, committed 3840K, reserved 1048576K
Event: 4.078 GC heap after
Heap after GC invocations=7 (full 1):
 PSYoungGen      total 143872K, used 8326K [0x00000000eab00000, 0x00000000f4600000, 0x0000000100000000)
  eden space 131072K, 0% used [0x00000000eab00000,0x00000000eab00000,0x00000000f2b00000)
  from space 12800K, 65% used [0x00000000f3800000,0x00000000f4021860,0x00000000f4480000)
  to   space 13312K, 0% used [0x00000000f2b00000,0x00000000f2b00000,0x00000000f3800000)
 ParOldGen       total 118272K, used 11081K [0x00000000c0000000, 0x00000000c7380000, 0x00000000eab00000)
  object space 118272K, 9% used [0x00000000c0000000,0x00000000c0ad25b8,0x00000000c7380000)
 Metaspace       used 27232K, capacity 28082K, committed 28416K, reserved 1073152K
  class space    used 3434K, capacity 3744K, committed 3840K, reserved 1048576K
}
Event: 6.304 GC heap before
{Heap before GC invocations=8 (full 1):
 PSYoungGen      total 143872K, used 70796K [0x00000000eab00000, 0x00000000f4600000, 0x0000000100000000)
  eden space 131072K, 47% used [0x00000000eab00000,0x00000000ee8019e8,0x00000000f2b00000)
  from space 12800K, 65% used [0x00000000f3800000,0x00000000f4021860,0x00000000f4480000)
  to   space 13312K, 0% used [0x00000000f2b00000,0x00000000f2b00000,0x00000000f3800000)
 ParOldGen       total 118272K, used 11081K [0x00000000c0000000, 0x00000000c7380000, 0x00000000eab00000)
  object space 118272K, 9% used [0x00000000c0000000,0x00000000c0ad25b8,0x00000000c7380000)
 Metaspace       used 34202K, capacity 35266K, committed 35456K, reserved 1079296K
  class space    used 4282K, capacity 4650K, committed 4736K, reserved 1048576K
Event: 6.325 GC heap after
Heap after GC invocations=8 (full 1):
 PSYoungGen      total 144384K, used 13307K [0x00000000eab00000, 0x00000000f8600000, 0x0000000100000000)
  eden space 131072K, 0% used [0x00000000eab00000,0x00000000eab00000,0x00000000f2b00000)
  from space 13312K, 99% used [0x00000000f2b00000,0x00000000f37fec08,0x00000000f3800000)
  to   space 15872K, 0% used [0x00000000f7680000,0x00000000f7680000,0x00000000f8600000)
 ParOldGen       total 118272K, used 11438K [0x00000000c0000000, 0x00000000c7380000, 0x00000000eab00000)
  object space 118272K, 9% used [0x00000000c0000000,0x00000000c0b2b928,0x00000000c7380000)
 Metaspace       used 34202K, capacity 35266K, committed 35456K, reserved 1079296K
  class space    used 4282K, capacity 4650K, committed 4736K, reserved 1048576K
}
Event: 6.325 GC heap before
{Heap before GC invocations=9 (full 2):
 PSYoungGen      total 144384K, used 13307K [0x00000000eab00000, 0x00000000f8600000, 0x0000000100000000)
  eden space 131072K, 0% used [0x00000000eab00000,0x00000000eab00000,0x00000000f2b00000)
  from space 13312K, 99% used [0x00000000f2b00000,0x00000000f37fec08,0x00000000f3800000)
  to   space 15872K, 0% used [0x00000000f7680000,0x00000000f7680000,0x00000000f8600000)
 ParOldGen       total 118272K, used 11438K [0x00000000c0000000, 0x00000000c7380000, 0x00000000eab00000)
  object space 118272K, 9% used [0x00000000c0000000,0x00000000c0b2b928,0x00000000c7380000)
 Metaspace       used 34202K, capacity 35266K, committed 35456K, reserved 1079296K
  class space    used 4282K, capacity 4650K, committed 4736K, reserved 1048576K
Event: 6.376 GC heap after
Heap after GC invocations=9 (full 2):
 PSYoungGen      total 144384K, used 0K [0x00000000eab00000, 0x00000000f8600000, 0x0000000100000000)
  eden space 131072K, 0% used [0x00000000eab00000,0x00000000eab00000,0x00000000f2b00000)
  from space 13312K, 0% used [0x00000000f2b00000,0x00000000f2b00000,0x00000000f3800000)
  to   space 15872K, 0% used [0x00000000f7680000,0x00000000f7680000,0x00000000f8600000)
 ParOldGen       total 183296K, used 20528K [0x00000000c0000000, 0x00000000cb300000, 0x00000000eab00000)
  object space 183296K, 11% used [0x00000000c0000000,0x00000000c140c350,0x00000000cb300000)
 Metaspace       used 34202K, capacity 35266K, committed 35456K, reserved 1079296K
  class space    used 4282K, capacity 4650K, committed 4736K, reserved 1048576K
}
Event: 14.278 GC heap before
{Heap before GC invocations=10 (full 2):
 PSYoungGen      total 144384K, used 131072K [0x00000000eab00000, 0x00000000f8600000, 0x0000000100000000)
  eden space 131072K, 100% used [0x00000000eab00000,0x00000000f2b00000,0x00000000f2b00000)
  from space 13312K, 0% used [0x00000000f2b00000,0x00000000f2b00000,0x00000000f3800000)
  to   space 15872K, 0% used [0x00000000f7680000,0x00000000f7680000,0x00000000f8600000)
 ParOldGen       total 183296K, used 20528K [0x00000000c0000000, 0x00000000cb300000, 0x00000000eab00000)
  object space 183296K, 11% used [0x00000000c0000000,0x00000000c140c350,0x00000000cb300000)
 Metaspace       used 35094K, capacity 36166K, committed 36480K, reserved 1081344K
  class space    used 4305K, capacity 4688K, committed 4736K, reserved 1048576K
Event: 14.280 GC heap after
Heap after GC invocations=10 (full 2):
 PSYoungGen      total 193024K, used 2161K [0x00000000eab00000, 0x00000000f7e80000, 0x0000000100000000)
  eden space 184832K, 0% used [0x00000000eab00000,0x00000000eab00000,0x00000000f5f80000)
  from space 8192K, 26% used [0x00000000f7680000,0x00000000f789c470,0x00000000f7e80000)
  to   space 15872K, 0% used [0x00000000f5f80000,0x00000000f5f80000,0x00000000f6f00000)
 ParOldGen       total 183296K, used 20536K [0x00000000c0000000, 0x00000000cb300000, 0x00000000eab00000)
  object space 183296K, 11% used [0x00000000c0000000,0x00000000c140e350,0x00000000cb300000)
 Metaspace       used 35094K, capacity 36166K, committed 36480K, reserved 1081344K
  class space    used 4305K, capacity 4688K, committed 4736K, reserved 1048576K
}
Event: 14.640 GC heap before
{Heap before GC invocations=11 (full 2):
 PSYoungGen      total 193024K, used 186993K [0x00000000eab00000, 0x00000000f7e80000, 0x0000000100000000)
  eden space 184832K, 100% used [0x00000000eab00000,0x00000000f5f80000,0x00000000f5f80000)
  from space 8192K, 26% used [0x00000000f7680000,0x00000000f789c470,0x00000000f7e80000)
  to   space 15872K, 0% used [0x00000000f5f80000,0x00000000f5f80000,0x00000000f6f00000)
 ParOldGen       total 183296K, used 20536K [0x00000000c0000000, 0x00000000cb300000, 0x00000000eab00000)
  object space 183296K, 11% used [0x00000000c0000000,0x00000000c140e350,0x00000000cb300000)
 Metaspace       used 35096K, capacity 36166K, committed 36480K, reserved 1081344K
  class space    used 4305K, capacity 4688K, committed 4736K, reserved 1048576K
Event: 14.645 GC heap after
Heap after GC invocations=11 (full 2):
 PSYoungGen      total 200704K, used 2576K [0x00000000eab00000, 0x00000000f7e80000, 0x0000000100000000)
  eden space 184832K, 0% used [0x00000000eab00000,0x00000000eab00000,0x00000000f5f80000)
  from space 15872K, 16% used [0x00000000f5f80000,0x00000000f6204260,0x00000000f6f00000)
  to   space 8192K, 0% used [0x00000000f7680000,0x00000000f7680000,0x00000000f7e80000)
 ParOldGen       total 183296K, used 20536K [0x00000000c0000000, 0x00000000cb300000, 0x00000000eab00000)
  object space 183296K, 11% used [0x00000000c0000000,0x00000000c140e350,0x00000000cb300000)
 Metaspace       used 35096K, capacity 36166K, committed 36480K, reserved 1081344K
  class space    used 4305K, capacity 4688K, committed 4736K, reserved 1048576K
}

